<?xml version="1.0" encoding="utf-8"?><testsuites name="pytest tests"><testsuite name="pytest" errors="0" failures="0" skipped="0" tests="8" time="28.253" timestamp="2026-09-10T13:28:31.183065+00:00" hostname="agent-env-da90dfbb-005a-4be7-bdf3-0b614788c950"><testcase classname="tests.test_planning_deadline" name="test_respects_start_date" time="2.961" /><testcase classname="tests.test_planning_deadline" name="test_deadline_reached_skipped" time="2.513" /><testcase classname="tests.test_planning_deadline" name="test_deadline_expired" time="5.074" /><testcase classname="tests.test_planning_deadline" name="test_no_start_date" time="2.502" /><testcase classname="tests.test_planning_deadline" name="test_fits_fully_no_skipped" time="3.322" /><testcase classname="tests.test_planning_deadline" name="test_multiple_contracts_separate_windows" time="5.847" /><testcase classname="tests.test_planning_deadline" name="test_max_per_month" time="2.679" /><testcase classname="tests.test_planning_deadline" name="test_reschedule_honors_dates" time="2.894" /></testsuite></testsuites>