<?xml version="1.0" encoding="utf-8"?><testsuites name="pytest tests"><testsuite name="pytest" errors="0" failures="0" skipped="0" tests="7" time="5.363" timestamp="2026-09-10T05:43:25.057038+00:00" hostname="agent-env-da90dfbb-005a-4be7-bdf3-0b614788c950"><testcase classname="tests.test_regression_iter2" name="test_planning_generate_returns_200_and_interventions" time="2.167" /><testcase classname="tests.test_regression_iter2" name="test_planning_reschedule_respects_manual_events" time="0.478" /><testcase classname="tests.test_regression_iter2" name="test_list_interventions_sorted_by_date" time="0.113" /><testcase classname="tests.test_regression_iter2" name="test_calendar_export_ics_returns_calendar" time="0.131" /><testcase classname="tests.test_regression_iter2" name="test_calendar_export_ics_rejects_bad_token" time="0.171" /><testcase classname="tests.test_regression_iter2" name="test_dashboard_stats_shape" time="0.133" /><testcase classname="tests.test_regression_iter2" name="test_ai_planning_chat_returns_reply" time="1.647" /></testsuite></testsuites>